{
  "stats": {
    "suites": 0,
    "tests": 1,
    "passes": 0,
    "pending": 0,
    "failures": 1,
    "start": "2024-03-26T02:27:20.112Z",
    "end": "2024-03-26T02:27:37.442Z",
    "duration": 17330,
    "testsRegistered": 1,
    "passPercent": 0,
    "pendingPercent": 0,
    "other": 0,
    "hasOther": false,
    "skipped": 0,
    "hasSkipped": false
  },
  "results": [
    {
      "uuid": "43cb34d4-6f1b-4f2c-bb79-015cf109f83a",
      "title": "",
      "fullFile": "cypress\\e2e\\FlowLogin-BestCase.cy.js",
      "file": "cypress\\e2e\\FlowLogin-BestCase.cy.js",
      "beforeHooks": [],
      "afterHooks": [],
      "tests": [
        {
          "title": "Melakukan login di website Ebay",
          "fullTitle": "Melakukan login di website Ebay",
          "timedOut": null,
          "duration": 13286,
          "state": "failed",
          "speed": null,
          "pass": false,
          "fail": true,
          "pending": false,
          "context": null,
          "code": "describe('Login dengan metode Best Case', () => {\n  cy.log('Step 1 - Visit Website');\n  cy.visit('www.ebay.com');\n  cy.log('Step 2 - Klik Sign in pada bagian kiri atas');\n  cy.get('#gh-ug > a').click();\n  cy.wait(3000);\n  cy.log('Step 3 - Input Email or Username');\n  cy.get('#userid').type('Rizky8septian@gmail.com').should('have.value', 'Rizky8septian@gmail.com');\n  cy.log('Step 4 - Klik button Continue');\n  cy.get('#signin-continue-btn').click();\n  cy.log('Step 5 - Input Password');\n  cy.get('#pass').type('Asep313220').should('have.value', 'Asep313220');\n  cy.log('Step 6 - Klik button Sign in');\n  cy.get('#sgnBt').click();\n});",
          "err": {
            "message": "AssertionError: Timed out retrying after 4000ms: Expected to find element: `#userid`, but never found it.",
            "estack": "AssertionError: Timed out retrying after 4000ms: Expected to find element: `#userid`, but never found it.\n    at Suite.eval (webpack://cypress-saucedemo/./cypress/e2e/FlowLogin-BestCase.cy.js:33:11)\n    at Context.eval (webpack://cypress-saucedemo/./cypress/e2e/FlowLogin-BestCase.cy.js:19:4)",
            "diff": null
          },
          "uuid": "388ee323-fefe-4070-8875-231b3f009209",
          "parentUUID": "43cb34d4-6f1b-4f2c-bb79-015cf109f83a",
          "isHook": false,
          "skipped": false
        }
      ],
      "suites": [],
      "passes": [],
      "failures": [
        "388ee323-fefe-4070-8875-231b3f009209"
      ],
      "pending": [],
      "skipped": [],
      "duration": 13286,
      "root": true,
      "rootEmpty": false,
      "_timeout": 2000
    }
  ],
  "meta": {
    "mocha": {
      "version": "7.0.1"
    },
    "mochawesome": {
      "options": {
        "quiet": false,
        "reportFilename": "mochawesome",
        "saveHtml": true,
        "saveJson": true,
        "consoleReporter": "spec",
        "useInlineDiffs": false,
        "code": true
      },
      "version": "7.1.3"
    },
    "marge": {
      "options": {
        "charts": true,
        "reportPageTitle": "custom-title",
        "embeddedScreenshots": true,
        "inlineAssets": true,
        "saveAllAttempts": false,
        "json": true
      },
      "version": "6.2.0"
    }
  }
}